notifydemo/app/build/intermediates/manifest_merge_blame_file/debug/manifest-merger-blame-debug-report.txt
1<?xml version="1.0" encoding="utf-8"?>
2<manifest xmlns:android="http://schemas.android.com/apk/res/android"
3    package="edu.dcu.cs.notifydemo"
4    android:versionCode="1"
5    android:versionName="1.0" >
6
7    <uses-sdk
8        android:minSdkVersion="23"
8-->src\main\AndroidManifest.xml
9        android:targetSdkVersion="28" />
9-->src\main\AndroidManifest.xml
10
11    <application
11-->src\main\AndroidManifest.xml:8:5-18:19
12        android:appComponentFactory="android.support.v4.app.CoreComponentFactory"
12-->[com.android.support:support-compat:28.0.0] AndroidManifest.xml:22:18-91
13        android:debuggable="true"
14        android:icon="@drawable/icon"
14-->src\main\AndroidManifest.xml:8:18-47
15        android:label="@string/app_name"
15-->src\main\AndroidManifest.xml:8:48-80
16        android:testOnly="true" >
17        <activity
17-->src\main\AndroidManifest.xml:10:9-16:20
18            android:name="edu.dcu.cs.notifydemo.NotifyActivity"
18-->src\main\AndroidManifest.xml:10:19-70
19            android:label="@string/app_name" >
19-->src\main\AndroidManifest.xml:11:19-51
20            <intent-filter>
20-->src\main\AndroidManifest.xml:12:13-15:29
21                <action android:name="android.intent.action.MAIN" />
21-->src\main\AndroidManifest.xml:13:17-69
21-->src\main\AndroidManifest.xml:13:25-66
22
23                <category android:name="android.intent.category.LAUNCHER" />
23-->src\main\AndroidManifest.xml:14:17-77
23-->src\main\AndroidManifest.xml:14:27-74
24            </intent-filter>
25        </activity>
26
27        <service android:name="edu.dcu.cs.notifydemo.NotifyService" />
27-->src\main\AndroidManifest.xml:17:3-64
27-->src\main\AndroidManifest.xml:17:12-62
28    </application>
29
30</manifest>